[0.078s] [34mcolcon[0m [1;30mDEBUG[0m [32mCommand line arguments: ['/usr/bin/colcon', 'build'][0m
[0.078s] [34mcolcon[0m [1;30mDEBUG[0m [32mParsed command line arguments: Namespace(log_base=None, log_level=None, verb_name='build', build_base='build', install_base='install', merge_install=False, symlink_install=False, test_result_base=None, continue_on_error=False, executor='parallel', parallel_workers=4, event_handlers=None, ignore_user_meta=False, metas=['./colcon.meta'], base_paths=['.'], packages_ignore=None, packages_ignore_regex=None, paths=None, packages_up_to=None, packages_up_to_regex=None, packages_above=None, packages_above_and_dependencies=None, packages_above_depth=None, packages_select_by_dep=None, packages_skip_by_dep=None, packages_skip_up_to=None, packages_select_build_failed=False, packages_skip_build_finished=False, packages_select_test_failures=False, packages_skip_test_passed=False, packages_select=None, packages_skip=None, packages_select_regex=None, packages_skip_regex=None, packages_start=None, packages_end=None, allow_overriding=[], cmake_args=None, cmake_target=None, cmake_target_skip_unavailable=False, cmake_clean_cache=False, cmake_clean_first=False, cmake_force_configure=False, ament_cmake_args=None, catkin_cmake_args=None, catkin_skip_building_tests=False, mixin_files=None, mixin=None, verb_parser=<colcon_mixin.mixin.mixin_argument.MixinArgumentDecorator object at 0x76ac52b74b80>, verb_extension=<colcon_core.verb.build.BuildVerb object at 0x76ac52c7dae0>, main=<bound method BuildVerb.main of <colcon_core.verb.build.BuildVerb object at 0x76ac52c7dae0>>, mixin_verb=('build',))[0m
[0.193s] [34mcolcon.colcon_core.package_discovery[0m [1;30mLevel 1[0m discover_packages(colcon_meta) check parameters
[0.193s] [34mcolcon.colcon_core.package_discovery[0m [1;30mLevel 1[0m discover_packages(recursive) check parameters
[0.193s] [34mcolcon.colcon_core.package_discovery[0m [1;30mLevel 1[0m discover_packages(ignore) check parameters
[0.193s] [34mcolcon.colcon_core.package_discovery[0m [1;30mLevel 1[0m discover_packages(path) check parameters
[0.193s] [34mcolcon.colcon_core.package_discovery[0m [1;30mLevel 1[0m discover_packages(colcon_meta) discover
[0.194s] [34mcolcon.colcon_core.package_discovery[0m [1;30mLevel 1[0m discover_packages(recursive) discover
[0.194s] [34mcolcon.colcon_core.package_discovery[0m [1;30mINFO[0m Crawling recursively for packages in '/home/lcoit/ros2_projects/fish_bot_ws/src/fishbot_navigation2'
[0.194s] [34mcolcon.colcon_core.package_identification[0m [1;30mLevel 1[0m _identify(.) by extensions ['ignore', 'ignore_ament_install']
[0.194s] [34mcolcon.colcon_core.package_identification[0m [1;30mLevel 1[0m _identify(.) by extension 'ignore'
[0.194s] [34mcolcon.colcon_core.package_identification[0m [1;30mLevel 1[0m _identify(.) by extension 'ignore_ament_install'
[0.194s] [34mcolcon.colcon_core.package_identification[0m [1;30mLevel 1[0m _identify(.) by extensions ['colcon_pkg']
[0.194s] [34mcolcon.colcon_core.package_identification[0m [1;30mLevel 1[0m _identify(.) by extension 'colcon_pkg'
[0.194s] [34mcolcon.colcon_core.package_identification[0m [1;30mLevel 1[0m _identify(.) by extensions ['colcon_meta']
[0.194s] [34mcolcon.colcon_core.package_identification[0m [1;30mLevel 1[0m _identify(.) by extension 'colcon_meta'
[0.194s] [34mcolcon.colcon_core.package_identification[0m [1;30mLevel 1[0m _identify(.) by extensions ['ros']
[0.194s] [34mcolcon.colcon_core.package_identification[0m [1;30mLevel 1[0m _identify(.) by extension 'ros'
[0.201s] [34mcolcon.colcon_core.package_identification[0m [1;30mDEBUG[0m [32mPackage '.' with type 'ros.ament_cmake' and name 'fishbot_navigation2'[0m
[0.201s] [34mcolcon.colcon_core.package_discovery[0m [1;30mLevel 1[0m discover_packages(recursive) using defaults
[0.201s] [34mcolcon.colcon_core.package_discovery[0m [1;30mLevel 1[0m discover_packages(ignore) discover
[0.201s] [34mcolcon.colcon_core.package_discovery[0m [1;30mLevel 1[0m discover_packages(ignore) using defaults
[0.201s] [34mcolcon.colcon_core.package_discovery[0m [1;30mLevel 1[0m discover_packages(path) discover
[0.201s] [34mcolcon.colcon_core.package_discovery[0m [1;30mLevel 1[0m discover_packages(path) using defaults
[0.212s] [34mcolcon.colcon_core.package_discovery[0m [1;30mLevel 1[0m discover_packages(prefix_path) check parameters
[0.212s] [34mcolcon.colcon_core.package_discovery[0m [1;30mLevel 1[0m discover_packages(prefix_path) discover
[0.213s] [34mcolcon.colcon_installed_package_information.package_discovery[0m [1;30mDEBUG[0m [32mFound 15 installed packages in /home/lcoit/ros2_projects/ros2_learn_zxz/install[0m
[0.214s] [34mcolcon.colcon_installed_package_information.package_discovery[0m [1;30mDEBUG[0m [32mFound 19 installed packages in /home/lcoit/ros2_projects/dev_ws/install[0m
[0.215s] [34mcolcon.colcon_installed_package_information.package_discovery[0m [1;30mDEBUG[0m [32mFound 395 installed packages in /opt/ros/humble[0m
[0.215s] [34mcolcon.colcon_core.package_discovery[0m [1;30mLevel 1[0m discover_packages(prefix_path) using defaults
[0.240s] [34mcolcon.colcon_core.verb[0m [1;30mLevel 5[0m set package 'fishbot_navigation2' build argument 'cmake_args' from command line to 'None'
[0.240s] [34mcolcon.colcon_core.verb[0m [1;30mLevel 5[0m set package 'fishbot_navigation2' build argument 'cmake_target' from command line to 'None'
[0.240s] [34mcolcon.colcon_core.verb[0m [1;30mLevel 5[0m set package 'fishbot_navigation2' build argument 'cmake_target_skip_unavailable' from command line to 'False'
[0.240s] [34mcolcon.colcon_core.verb[0m [1;30mLevel 5[0m set package 'fishbot_navigation2' build argument 'cmake_clean_cache' from command line to 'False'
[0.240s] [34mcolcon.colcon_core.verb[0m [1;30mLevel 5[0m set package 'fishbot_navigation2' build argument 'cmake_clean_first' from command line to 'False'
[0.240s] [34mcolcon.colcon_core.verb[0m [1;30mLevel 5[0m set package 'fishbot_navigation2' build argument 'cmake_force_configure' from command line to 'False'
[0.240s] [34mcolcon.colcon_core.verb[0m [1;30mLevel 5[0m set package 'fishbot_navigation2' build argument 'ament_cmake_args' from command line to 'None'
[0.240s] [34mcolcon.colcon_core.verb[0m [1;30mLevel 5[0m set package 'fishbot_navigation2' build argument 'catkin_cmake_args' from command line to 'None'
[0.240s] [34mcolcon.colcon_core.verb[0m [1;30mLevel 5[0m set package 'fishbot_navigation2' build argument 'catkin_skip_building_tests' from command line to 'False'
[0.240s] [34mcolcon.colcon_core.verb[0m [1;30mDEBUG[0m [32mBuilding package 'fishbot_navigation2' with the following arguments: {'ament_cmake_args': None, 'build_base': '/home/lcoit/ros2_projects/fish_bot_ws/src/fishbot_navigation2/build/fishbot_navigation2', 'catkin_cmake_args': None, 'catkin_skip_building_tests': False, 'cmake_args': None, 'cmake_clean_cache': False, 'cmake_clean_first': False, 'cmake_force_configure': False, 'cmake_target': None, 'cmake_target_skip_unavailable': False, 'install_base': '/home/lcoit/ros2_projects/fish_bot_ws/src/fishbot_navigation2/install/fishbot_navigation2', 'merge_install': False, 'path': '/home/lcoit/ros2_projects/fish_bot_ws/src/fishbot_navigation2', 'symlink_install': False, 'test_result_base': None}[0m
[0.240s] [34mcolcon.colcon_core.executor[0m [1;30mINFO[0m Executing jobs using 'parallel' executor
[0.241s] [34mcolcon.colcon_parallel_executor.executor.parallel[0m [1;30mDEBUG[0m [32mrun_until_complete[0m
[0.241s] [34mcolcon.colcon_ros.task.ament_cmake.build[0m [1;30mINFO[0m Building ROS package in '/home/lcoit/ros2_projects/fish_bot_ws/src/fishbot_navigation2' with build type 'ament_cmake'
[0.241s] [34mcolcon.colcon_cmake.task.cmake.build[0m [1;30mINFO[0m Building CMake package in '/home/lcoit/ros2_projects/fish_bot_ws/src/fishbot_navigation2'
[0.243s] [34mcolcon.colcon_core.plugin_system[0m [1;30mINFO[0m Skipping extension 'colcon_core.shell.bat': Not used on non-Windows systems
[0.243s] [34mcolcon.colcon_core.shell[0m [1;30mINFO[0m Skip shell extension 'powershell' for command environment: Not usable outside of PowerShell
[0.243s] [34mcolcon.colcon_core.shell[0m [1;30mDEBUG[0m [32mSkip shell extension 'dsv' for command environment[0m
[0.250s] [34mcolcon.colcon_core.event_handler.log_command[0m [1;30mDEBUG[0m [32mInvoking command in '/home/lcoit/ros2_projects/fish_bot_ws/src/fishbot_navigation2/build/fishbot_navigation2': CMAKE_PREFIX_PATH=${CMAKE_PREFIX_PATH}:/home/lcoit/ros2_projects/ros2_learn_zxz/install/tp_py_demo:/home/lcoit/ros2_projects/ros2_learn_zxz/install/py05_names:/home/lcoit/ros2_projects/ros2_learn_zxz/install/param_py_demo02:/home/lcoit/ros2_projects/ros2_learn_zxz/install/cd_py_demo:/home/lcoit/ros2_projects/ros2_learn_zxz/install/ac_py_demo:/home/lcoit/ros2_projects/dev_ws/install/learning_urdf:/home/lcoit/ros2_projects/dev_ws/install/learning_topic:/home/lcoit/ros2_projects/dev_ws/install/learning_tf:/home/lcoit/ros2_projects/dev_ws/install/learning_service:/home/lcoit/ros2_projects/dev_ws/install/learning_qos:/home/lcoit/ros2_projects/dev_ws/install/learning_pkg_python:/home/lcoit/ros2_projects/dev_ws/install/learning_parameter:/home/lcoit/ros2_projects/dev_ws/install/learning_node:/home/lcoit/ros2_projects/dev_ws/install/learning_launch:/home/lcoit/ros2_projects/dev_ws/install/learning_action:/home/lcoit/ros2_projects/dev_ws/install/learning_gazebo:/home/lcoit/ros2_projects/dev_ws/install/learning_cv:/opt/ros/humble /usr/bin/cmake /home/lcoit/ros2_projects/fish_bot_ws/src/fishbot_navigation2 -DCMAKE_INSTALL_PREFIX=/home/lcoit/ros2_projects/fish_bot_ws/src/fishbot_navigation2/install/fishbot_navigation2[0m
[0.851s] [34mcolcon.colcon_core.event_handler.log_command[0m [1;30mDEBUG[0m [32mInvoked command in '/home/lcoit/ros2_projects/fish_bot_ws/src/fishbot_navigation2/build/fishbot_navigation2' returned '0': CMAKE_PREFIX_PATH=${CMAKE_PREFIX_PATH}:/home/lcoit/ros2_projects/ros2_learn_zxz/install/tp_py_demo:/home/lcoit/ros2_projects/ros2_learn_zxz/install/py05_names:/home/lcoit/ros2_projects/ros2_learn_zxz/install/param_py_demo02:/home/lcoit/ros2_projects/ros2_learn_zxz/install/cd_py_demo:/home/lcoit/ros2_projects/ros2_learn_zxz/install/ac_py_demo:/home/lcoit/ros2_projects/dev_ws/install/learning_urdf:/home/lcoit/ros2_projects/dev_ws/install/learning_topic:/home/lcoit/ros2_projects/dev_ws/install/learning_tf:/home/lcoit/ros2_projects/dev_ws/install/learning_service:/home/lcoit/ros2_projects/dev_ws/install/learning_qos:/home/lcoit/ros2_projects/dev_ws/install/learning_pkg_python:/home/lcoit/ros2_projects/dev_ws/install/learning_parameter:/home/lcoit/ros2_projects/dev_ws/install/learning_node:/home/lcoit/ros2_projects/dev_ws/install/learning_launch:/home/lcoit/ros2_projects/dev_ws/install/learning_action:/home/lcoit/ros2_projects/dev_ws/install/learning_gazebo:/home/lcoit/ros2_projects/dev_ws/install/learning_cv:/opt/ros/humble /usr/bin/cmake /home/lcoit/ros2_projects/fish_bot_ws/src/fishbot_navigation2 -DCMAKE_INSTALL_PREFIX=/home/lcoit/ros2_projects/fish_bot_ws/src/fishbot_navigation2/install/fishbot_navigation2[0m
[0.852s] [34mcolcon.colcon_core.event_handler.log_command[0m [1;30mDEBUG[0m [32mInvoking command in '/home/lcoit/ros2_projects/fish_bot_ws/src/fishbot_navigation2/build/fishbot_navigation2': CMAKE_PREFIX_PATH=${CMAKE_PREFIX_PATH}:/home/lcoit/ros2_projects/ros2_learn_zxz/install/tp_py_demo:/home/lcoit/ros2_projects/ros2_learn_zxz/install/py05_names:/home/lcoit/ros2_projects/ros2_learn_zxz/install/param_py_demo02:/home/lcoit/ros2_projects/ros2_learn_zxz/install/cd_py_demo:/home/lcoit/ros2_projects/ros2_learn_zxz/install/ac_py_demo:/home/lcoit/ros2_projects/dev_ws/install/learning_urdf:/home/lcoit/ros2_projects/dev_ws/install/learning_topic:/home/lcoit/ros2_projects/dev_ws/install/learning_tf:/home/lcoit/ros2_projects/dev_ws/install/learning_service:/home/lcoit/ros2_projects/dev_ws/install/learning_qos:/home/lcoit/ros2_projects/dev_ws/install/learning_pkg_python:/home/lcoit/ros2_projects/dev_ws/install/learning_parameter:/home/lcoit/ros2_projects/dev_ws/install/learning_node:/home/lcoit/ros2_projects/dev_ws/install/learning_launch:/home/lcoit/ros2_projects/dev_ws/install/learning_action:/home/lcoit/ros2_projects/dev_ws/install/learning_gazebo:/home/lcoit/ros2_projects/dev_ws/install/learning_cv:/opt/ros/humble /usr/bin/cmake --build /home/lcoit/ros2_projects/fish_bot_ws/src/fishbot_navigation2/build/fishbot_navigation2 -- -j4 -l4[0m
[0.876s] [34mcolcon.colcon_core.event_handler.log_command[0m [1;30mDEBUG[0m [32mInvoked command in '/home/lcoit/ros2_projects/fish_bot_ws/src/fishbot_navigation2/build/fishbot_navigation2' returned '0': CMAKE_PREFIX_PATH=${CMAKE_PREFIX_PATH}:/home/lcoit/ros2_projects/ros2_learn_zxz/install/tp_py_demo:/home/lcoit/ros2_projects/ros2_learn_zxz/install/py05_names:/home/lcoit/ros2_projects/ros2_learn_zxz/install/param_py_demo02:/home/lcoit/ros2_projects/ros2_learn_zxz/install/cd_py_demo:/home/lcoit/ros2_projects/ros2_learn_zxz/install/ac_py_demo:/home/lcoit/ros2_projects/dev_ws/install/learning_urdf:/home/lcoit/ros2_projects/dev_ws/install/learning_topic:/home/lcoit/ros2_projects/dev_ws/install/learning_tf:/home/lcoit/ros2_projects/dev_ws/install/learning_service:/home/lcoit/ros2_projects/dev_ws/install/learning_qos:/home/lcoit/ros2_projects/dev_ws/install/learning_pkg_python:/home/lcoit/ros2_projects/dev_ws/install/learning_parameter:/home/lcoit/ros2_projects/dev_ws/install/learning_node:/home/lcoit/ros2_projects/dev_ws/install/learning_launch:/home/lcoit/ros2_projects/dev_ws/install/learning_action:/home/lcoit/ros2_projects/dev_ws/install/learning_gazebo:/home/lcoit/ros2_projects/dev_ws/install/learning_cv:/opt/ros/humble /usr/bin/cmake --build /home/lcoit/ros2_projects/fish_bot_ws/src/fishbot_navigation2/build/fishbot_navigation2 -- -j4 -l4[0m
[0.881s] [34mcolcon.colcon_core.event_handler.log_command[0m [1;30mDEBUG[0m [32mInvoking command in '/home/lcoit/ros2_projects/fish_bot_ws/src/fishbot_navigation2/build/fishbot_navigation2': CMAKE_PREFIX_PATH=${CMAKE_PREFIX_PATH}:/home/lcoit/ros2_projects/ros2_learn_zxz/install/tp_py_demo:/home/lcoit/ros2_projects/ros2_learn_zxz/install/py05_names:/home/lcoit/ros2_projects/ros2_learn_zxz/install/param_py_demo02:/home/lcoit/ros2_projects/ros2_learn_zxz/install/cd_py_demo:/home/lcoit/ros2_projects/ros2_learn_zxz/install/ac_py_demo:/home/lcoit/ros2_projects/dev_ws/install/learning_urdf:/home/lcoit/ros2_projects/dev_ws/install/learning_topic:/home/lcoit/ros2_projects/dev_ws/install/learning_tf:/home/lcoit/ros2_projects/dev_ws/install/learning_service:/home/lcoit/ros2_projects/dev_ws/install/learning_qos:/home/lcoit/ros2_projects/dev_ws/install/learning_pkg_python:/home/lcoit/ros2_projects/dev_ws/install/learning_parameter:/home/lcoit/ros2_projects/dev_ws/install/learning_node:/home/lcoit/ros2_projects/dev_ws/install/learning_launch:/home/lcoit/ros2_projects/dev_ws/install/learning_action:/home/lcoit/ros2_projects/dev_ws/install/learning_gazebo:/home/lcoit/ros2_projects/dev_ws/install/learning_cv:/opt/ros/humble /usr/bin/cmake --install /home/lcoit/ros2_projects/fish_bot_ws/src/fishbot_navigation2/build/fishbot_navigation2[0m
[0.888s] [34mcolcon.colcon_core.environment[0m [1;30mLevel 1[0m create_environment_scripts_only(fishbot_navigation2)
[0.888s] [34mcolcon.colcon_core.event_handler.log_command[0m [1;30mDEBUG[0m [32mInvoked command in '/home/lcoit/ros2_projects/fish_bot_ws/src/fishbot_navigation2/build/fishbot_navigation2' returned '0': CMAKE_PREFIX_PATH=${CMAKE_PREFIX_PATH}:/home/lcoit/ros2_projects/ros2_learn_zxz/install/tp_py_demo:/home/lcoit/ros2_projects/ros2_learn_zxz/install/py05_names:/home/lcoit/ros2_projects/ros2_learn_zxz/install/param_py_demo02:/home/lcoit/ros2_projects/ros2_learn_zxz/install/cd_py_demo:/home/lcoit/ros2_projects/ros2_learn_zxz/install/ac_py_demo:/home/lcoit/ros2_projects/dev_ws/install/learning_urdf:/home/lcoit/ros2_projects/dev_ws/install/learning_topic:/home/lcoit/ros2_projects/dev_ws/install/learning_tf:/home/lcoit/ros2_projects/dev_ws/install/learning_service:/home/lcoit/ros2_projects/dev_ws/install/learning_qos:/home/lcoit/ros2_projects/dev_ws/install/learning_pkg_python:/home/lcoit/ros2_projects/dev_ws/install/learning_parameter:/home/lcoit/ros2_projects/dev_ws/install/learning_node:/home/lcoit/ros2_projects/dev_ws/install/learning_launch:/home/lcoit/ros2_projects/dev_ws/install/learning_action:/home/lcoit/ros2_projects/dev_ws/install/learning_gazebo:/home/lcoit/ros2_projects/dev_ws/install/learning_cv:/opt/ros/humble /usr/bin/cmake --install /home/lcoit/ros2_projects/fish_bot_ws/src/fishbot_navigation2/build/fishbot_navigation2[0m
[0.890s] [34mcolcon.colcon_core.environment[0m [1;30mLevel 1[0m checking '/home/lcoit/ros2_projects/fish_bot_ws/src/fishbot_navigation2/install/fishbot_navigation2' for CMake module files
[0.890s] [34mcolcon.colcon_core.environment[0m [1;30mLevel 1[0m checking '/home/lcoit/ros2_projects/fish_bot_ws/src/fishbot_navigation2/install/fishbot_navigation2' for CMake config files
[0.890s] [34mcolcon.colcon_core.shell[0m [1;30mLevel 1[0m create_environment_hook('fishbot_navigation2', 'cmake_prefix_path')
[0.890s] [34mcolcon.colcon_core.shell[0m [1;30mINFO[0m Creating environment hook '/home/lcoit/ros2_projects/fish_bot_ws/src/fishbot_navigation2/install/fishbot_navigation2/share/fishbot_navigation2/hook/cmake_prefix_path.ps1'
[0.891s] [34mcolcon.colcon_core.shell[0m [1;30mINFO[0m Creating environment descriptor '/home/lcoit/ros2_projects/fish_bot_ws/src/fishbot_navigation2/install/fishbot_navigation2/share/fishbot_navigation2/hook/cmake_prefix_path.dsv'
[0.891s] [34mcolcon.colcon_core.shell[0m [1;30mINFO[0m Creating environment hook '/home/lcoit/ros2_projects/fish_bot_ws/src/fishbot_navigation2/install/fishbot_navigation2/share/fishbot_navigation2/hook/cmake_prefix_path.sh'
[0.891s] [34mcolcon.colcon_core.environment[0m [1;30mLevel 1[0m checking '/home/lcoit/ros2_projects/fish_bot_ws/src/fishbot_navigation2/install/fishbot_navigation2/bin'
[0.892s] [34mcolcon.colcon_core.environment[0m [1;30mLevel 1[0m checking '/home/lcoit/ros2_projects/fish_bot_ws/src/fishbot_navigation2/install/fishbot_navigation2/lib/pkgconfig/fishbot_navigation2.pc'
[0.892s] [34mcolcon.colcon_core.environment[0m [1;30mLevel 1[0m checking '/home/lcoit/ros2_projects/fish_bot_ws/src/fishbot_navigation2/install/fishbot_navigation2/lib/python3.10/site-packages'
[0.892s] [34mcolcon.colcon_core.environment[0m [1;30mLevel 1[0m checking '/home/lcoit/ros2_projects/fish_bot_ws/src/fishbot_navigation2/install/fishbot_navigation2/bin'
[0.892s] [34mcolcon.colcon_core.shell[0m [1;30mINFO[0m Creating package script '/home/lcoit/ros2_projects/fish_bot_ws/src/fishbot_navigation2/install/fishbot_navigation2/share/fishbot_navigation2/package.ps1'
[0.893s] [34mcolcon.colcon_core.shell[0m [1;30mINFO[0m Creating package descriptor '/home/lcoit/ros2_projects/fish_bot_ws/src/fishbot_navigation2/install/fishbot_navigation2/share/fishbot_navigation2/package.dsv'
[0.893s] [34mcolcon.colcon_core.shell[0m [1;30mINFO[0m Creating package script '/home/lcoit/ros2_projects/fish_bot_ws/src/fishbot_navigation2/install/fishbot_navigation2/share/fishbot_navigation2/package.sh'
[0.893s] [34mcolcon.colcon_core.shell[0m [1;30mINFO[0m Creating package script '/home/lcoit/ros2_projects/fish_bot_ws/src/fishbot_navigation2/install/fishbot_navigation2/share/fishbot_navigation2/package.bash'
[0.894s] [34mcolcon.colcon_core.shell[0m [1;30mINFO[0m Creating package script '/home/lcoit/ros2_projects/fish_bot_ws/src/fishbot_navigation2/install/fishbot_navigation2/share/fishbot_navigation2/package.zsh'
[0.894s] [34mcolcon.colcon_core.environment[0m [1;30mLevel 1[0m create_file_with_runtime_dependencies(/home/lcoit/ros2_projects/fish_bot_ws/src/fishbot_navigation2/install/fishbot_navigation2/share/colcon-core/packages/fishbot_navigation2)
[0.894s] [34mcolcon.colcon_core.environment[0m [1;30mLevel 1[0m create_environment_scripts_only(fishbot_navigation2)
[0.895s] [34mcolcon.colcon_core.environment[0m [1;30mLevel 1[0m checking '/home/lcoit/ros2_projects/fish_bot_ws/src/fishbot_navigation2/install/fishbot_navigation2' for CMake module files
[0.895s] [34mcolcon.colcon_core.environment[0m [1;30mLevel 1[0m checking '/home/lcoit/ros2_projects/fish_bot_ws/src/fishbot_navigation2/install/fishbot_navigation2' for CMake config files
[0.895s] [34mcolcon.colcon_core.shell[0m [1;30mLevel 1[0m create_environment_hook('fishbot_navigation2', 'cmake_prefix_path')
[0.895s] [34mcolcon.colcon_core.shell[0m [1;30mINFO[0m Creating environment hook '/home/lcoit/ros2_projects/fish_bot_ws/src/fishbot_navigation2/install/fishbot_navigation2/share/fishbot_navigation2/hook/cmake_prefix_path.ps1'
[0.895s] [34mcolcon.colcon_core.shell[0m [1;30mINFO[0m Creating environment descriptor '/home/lcoit/ros2_projects/fish_bot_ws/src/fishbot_navigation2/install/fishbot_navigation2/share/fishbot_navigation2/hook/cmake_prefix_path.dsv'
[0.896s] [34mcolcon.colcon_core.shell[0m [1;30mINFO[0m Creating environment hook '/home/lcoit/ros2_projects/fish_bot_ws/src/fishbot_navigation2/install/fishbot_navigation2/share/fishbot_navigation2/hook/cmake_prefix_path.sh'
[0.896s] [34mcolcon.colcon_core.environment[0m [1;30mLevel 1[0m checking '/home/lcoit/ros2_projects/fish_bot_ws/src/fishbot_navigation2/install/fishbot_navigation2/bin'
[0.896s] [34mcolcon.colcon_core.environment[0m [1;30mLevel 1[0m checking '/home/lcoit/ros2_projects/fish_bot_ws/src/fishbot_navigation2/install/fishbot_navigation2/lib/pkgconfig/fishbot_navigation2.pc'
[0.896s] [34mcolcon.colcon_core.environment[0m [1;30mLevel 1[0m checking '/home/lcoit/ros2_projects/fish_bot_ws/src/fishbot_navigation2/install/fishbot_navigation2/lib/python3.10/site-packages'
[0.896s] [34mcolcon.colcon_core.environment[0m [1;30mLevel 1[0m checking '/home/lcoit/ros2_projects/fish_bot_ws/src/fishbot_navigation2/install/fishbot_navigation2/bin'
[0.896s] [34mcolcon.colcon_core.shell[0m [1;30mINFO[0m Creating package script '/home/lcoit/ros2_projects/fish_bot_ws/src/fishbot_navigation2/install/fishbot_navigation2/share/fishbot_navigation2/package.ps1'
[0.897s] [34mcolcon.colcon_core.shell[0m [1;30mINFO[0m Creating package descriptor '/home/lcoit/ros2_projects/fish_bot_ws/src/fishbot_navigation2/install/fishbot_navigation2/share/fishbot_navigation2/package.dsv'
[0.897s] [34mcolcon.colcon_core.shell[0m [1;30mINFO[0m Creating package script '/home/lcoit/ros2_projects/fish_bot_ws/src/fishbot_navigation2/install/fishbot_navigation2/share/fishbot_navigation2/package.sh'
[0.897s] [34mcolcon.colcon_core.shell[0m [1;30mINFO[0m Creating package script '/home/lcoit/ros2_projects/fish_bot_ws/src/fishbot_navigation2/install/fishbot_navigation2/share/fishbot_navigation2/package.bash'
[0.898s] [34mcolcon.colcon_core.shell[0m [1;30mINFO[0m Creating package script '/home/lcoit/ros2_projects/fish_bot_ws/src/fishbot_navigation2/install/fishbot_navigation2/share/fishbot_navigation2/package.zsh'
[0.898s] [34mcolcon.colcon_core.environment[0m [1;30mLevel 1[0m create_file_with_runtime_dependencies(/home/lcoit/ros2_projects/fish_bot_ws/src/fishbot_navigation2/install/fishbot_navigation2/share/colcon-core/packages/fishbot_navigation2)
[0.898s] [34mcolcon.colcon_parallel_executor.executor.parallel[0m [1;30mDEBUG[0m [32mclosing loop[0m
[0.898s] [34mcolcon.colcon_parallel_executor.executor.parallel[0m [1;30mDEBUG[0m [32mloop closed[0m
[0.898s] [34mcolcon.colcon_parallel_executor.executor.parallel[0m [1;30mDEBUG[0m [32mrun_until_complete finished with '0'[0m
[0.899s] [34mcolcon.colcon_core.event_reactor[0m [1;30mDEBUG[0m [32mjoining thread[0m
[0.899s] [34mcolcon.colcon_core.event_reactor[0m [1;30mDEBUG[0m [32mjoined thread[0m
[0.899s] [34mcolcon.colcon_core.shell[0m [1;30mINFO[0m Creating prefix script '/home/lcoit/ros2_projects/fish_bot_ws/src/fishbot_navigation2/install/local_setup.ps1'
[0.900s] [34mcolcon.colcon_core.shell[0m [1;30mINFO[0m Creating prefix util module '/home/lcoit/ros2_projects/fish_bot_ws/src/fishbot_navigation2/install/_local_setup_util_ps1.py'
[0.900s] [34mcolcon.colcon_core.shell[0m [1;30mINFO[0m Creating prefix chain script '/home/lcoit/ros2_projects/fish_bot_ws/src/fishbot_navigation2/install/setup.ps1'
[0.901s] [34mcolcon.colcon_core.shell[0m [1;30mINFO[0m Creating prefix script '/home/lcoit/ros2_projects/fish_bot_ws/src/fishbot_navigation2/install/local_setup.sh'
[0.902s] [34mcolcon.colcon_core.shell[0m [1;30mINFO[0m Creating prefix util module '/home/lcoit/ros2_projects/fish_bot_ws/src/fishbot_navigation2/install/_local_setup_util_sh.py'
[0.902s] [34mcolcon.colcon_core.shell[0m [1;30mINFO[0m Creating prefix chain script '/home/lcoit/ros2_projects/fish_bot_ws/src/fishbot_navigation2/install/setup.sh'
[0.903s] [34mcolcon.colcon_core.shell[0m [1;30mINFO[0m Creating prefix script '/home/lcoit/ros2_projects/fish_bot_ws/src/fishbot_navigation2/install/local_setup.bash'
[0.903s] [34mcolcon.colcon_core.shell[0m [1;30mINFO[0m Creating prefix chain script '/home/lcoit/ros2_projects/fish_bot_ws/src/fishbot_navigation2/install/setup.bash'
[0.904s] [34mcolcon.colcon_core.shell[0m [1;30mINFO[0m Creating prefix script '/home/lcoit/ros2_projects/fish_bot_ws/src/fishbot_navigation2/install/local_setup.zsh'
[0.904s] [34mcolcon.colcon_core.shell[0m [1;30mINFO[0m Creating prefix chain script '/home/lcoit/ros2_projects/fish_bot_ws/src/fishbot_navigation2/install/setup.zsh'
