[0.008s] Invoking command in '/home/lcoit/ros2_projects/fish_bot_ws/src/fishbot_navigation2/build/fishbot_navigation2': CMAKE_PREFIX_PATH=${CMAKE_PREFIX_PATH}:/home/lcoit/ros2_projects/ros2_learn_zxz/install/tp_py_demo:/home/lcoit/ros2_projects/ros2_learn_zxz/install/py05_names:/home/lcoit/ros2_projects/ros2_learn_zxz/install/param_py_demo02:/home/lcoit/ros2_projects/ros2_learn_zxz/install/cd_py_demo:/home/lcoit/ros2_projects/ros2_learn_zxz/install/ac_py_demo:/home/lcoit/ros2_projects/dev_ws/install/learning_urdf:/home/lcoit/ros2_projects/dev_ws/install/learning_topic:/home/lcoit/ros2_projects/dev_ws/install/learning_tf:/home/lcoit/ros2_projects/dev_ws/install/learning_service:/home/lcoit/ros2_projects/dev_ws/install/learning_qos:/home/lcoit/ros2_projects/dev_ws/install/learning_pkg_python:/home/lcoit/ros2_projects/dev_ws/install/learning_parameter:/home/lcoit/ros2_projects/dev_ws/install/learning_node:/home/lcoit/ros2_projects/dev_ws/install/learning_launch:/home/lcoit/ros2_projects/dev_ws/install/learning_action:/home/lcoit/ros2_projects/dev_ws/install/learning_gazebo:/home/lcoit/ros2_projects/dev_ws/install/learning_cv:/opt/ros/humble /usr/bin/cmake /home/lcoit/ros2_projects/fish_bot_ws/src/fishbot_navigation2 -DCMAKE_INSTALL_PREFIX=/home/lcoit/ros2_projects/fish_bot_ws/src/fishbot_navigation2/install/fishbot_navigation2
[0.096s] -- The C compiler identification is GNU 11.4.0
[0.173s] -- The CXX compiler identification is GNU 11.4.0
[0.181s] -- Detecting C compiler ABI info
[0.228s] -- Detecting C compiler ABI info - done
[0.230s] -- Check for working C compiler: /usr/bin/cc - skipped
[0.231s] -- Detecting C compile features
[0.232s] -- Detecting C compile features - done
[0.235s] -- Detecting CXX compiler ABI info
[0.290s] -- Detecting CXX compiler ABI info - done
[0.294s] -- Check for working CXX compiler: /usr/bin/c++ - skipped
[0.294s] -- Detecting CXX compile features
[0.294s] -- Detecting CXX compile features - done
[0.300s] -- Found ament_cmake: 1.3.14 (/opt/ros/humble/share/ament_cmake/cmake)
[0.420s] -- Found Python3: /usr/bin/python3 (found version "3.10.12") found components: Interpreter 
[0.518s] -- Found ament_lint_auto: 0.12.15 (/opt/ros/humble/share/ament_lint_auto/cmake)
[0.594s] -- Added test 'cppcheck' to perform static code analysis on C / C++ code
[0.594s] -- Configured cppcheck include dirs: 
[0.594s] -- Configured cppcheck exclude dirs and/or files: 
[0.594s] -- Added test 'flake8' to check Python code syntax and style conventions
[0.596s] -- Added test 'lint_cmake' to check CMake code style
[0.597s] -- Added test 'pep257' to check Python code against some of the docstring style conventions in PEP 257
[0.599s] -- Added test 'uncrustify' to check C / C++ code style
[0.599s] -- Configured uncrustify additional arguments: 
[0.600s] -- Added test 'xmllint' to check XML markup files
[0.602s] -- Configuring done
[0.604s] -- Generating done
[0.605s] -- Build files have been written to: /home/lcoit/ros2_projects/fish_bot_ws/src/fishbot_navigation2/build/fishbot_navigation2
[0.610s] Invoked command in '/home/lcoit/ros2_projects/fish_bot_ws/src/fishbot_navigation2/build/fishbot_navigation2' returned '0': CMAKE_PREFIX_PATH=${CMAKE_PREFIX_PATH}:/home/lcoit/ros2_projects/ros2_learn_zxz/install/tp_py_demo:/home/lcoit/ros2_projects/ros2_learn_zxz/install/py05_names:/home/lcoit/ros2_projects/ros2_learn_zxz/install/param_py_demo02:/home/lcoit/ros2_projects/ros2_learn_zxz/install/cd_py_demo:/home/lcoit/ros2_projects/ros2_learn_zxz/install/ac_py_demo:/home/lcoit/ros2_projects/dev_ws/install/learning_urdf:/home/lcoit/ros2_projects/dev_ws/install/learning_topic:/home/lcoit/ros2_projects/dev_ws/install/learning_tf:/home/lcoit/ros2_projects/dev_ws/install/learning_service:/home/lcoit/ros2_projects/dev_ws/install/learning_qos:/home/lcoit/ros2_projects/dev_ws/install/learning_pkg_python:/home/lcoit/ros2_projects/dev_ws/install/learning_parameter:/home/lcoit/ros2_projects/dev_ws/install/learning_node:/home/lcoit/ros2_projects/dev_ws/install/learning_launch:/home/lcoit/ros2_projects/dev_ws/install/learning_action:/home/lcoit/ros2_projects/dev_ws/install/learning_gazebo:/home/lcoit/ros2_projects/dev_ws/install/learning_cv:/opt/ros/humble /usr/bin/cmake /home/lcoit/ros2_projects/fish_bot_ws/src/fishbot_navigation2 -DCMAKE_INSTALL_PREFIX=/home/lcoit/ros2_projects/fish_bot_ws/src/fishbot_navigation2/install/fishbot_navigation2
[0.611s] Invoking command in '/home/lcoit/ros2_projects/fish_bot_ws/src/fishbot_navigation2/build/fishbot_navigation2': CMAKE_PREFIX_PATH=${CMAKE_PREFIX_PATH}:/home/lcoit/ros2_projects/ros2_learn_zxz/install/tp_py_demo:/home/lcoit/ros2_projects/ros2_learn_zxz/install/py05_names:/home/lcoit/ros2_projects/ros2_learn_zxz/install/param_py_demo02:/home/lcoit/ros2_projects/ros2_learn_zxz/install/cd_py_demo:/home/lcoit/ros2_projects/ros2_learn_zxz/install/ac_py_demo:/home/lcoit/ros2_projects/dev_ws/install/learning_urdf:/home/lcoit/ros2_projects/dev_ws/install/learning_topic:/home/lcoit/ros2_projects/dev_ws/install/learning_tf:/home/lcoit/ros2_projects/dev_ws/install/learning_service:/home/lcoit/ros2_projects/dev_ws/install/learning_qos:/home/lcoit/ros2_projects/dev_ws/install/learning_pkg_python:/home/lcoit/ros2_projects/dev_ws/install/learning_parameter:/home/lcoit/ros2_projects/dev_ws/install/learning_node:/home/lcoit/ros2_projects/dev_ws/install/learning_launch:/home/lcoit/ros2_projects/dev_ws/install/learning_action:/home/lcoit/ros2_projects/dev_ws/install/learning_gazebo:/home/lcoit/ros2_projects/dev_ws/install/learning_cv:/opt/ros/humble /usr/bin/cmake --build /home/lcoit/ros2_projects/fish_bot_ws/src/fishbot_navigation2/build/fishbot_navigation2 -- -j4 -l4
[0.634s] Invoked command in '/home/lcoit/ros2_projects/fish_bot_ws/src/fishbot_navigation2/build/fishbot_navigation2' returned '0': CMAKE_PREFIX_PATH=${CMAKE_PREFIX_PATH}:/home/lcoit/ros2_projects/ros2_learn_zxz/install/tp_py_demo:/home/lcoit/ros2_projects/ros2_learn_zxz/install/py05_names:/home/lcoit/ros2_projects/ros2_learn_zxz/install/param_py_demo02:/home/lcoit/ros2_projects/ros2_learn_zxz/install/cd_py_demo:/home/lcoit/ros2_projects/ros2_learn_zxz/install/ac_py_demo:/home/lcoit/ros2_projects/dev_ws/install/learning_urdf:/home/lcoit/ros2_projects/dev_ws/install/learning_topic:/home/lcoit/ros2_projects/dev_ws/install/learning_tf:/home/lcoit/ros2_projects/dev_ws/install/learning_service:/home/lcoit/ros2_projects/dev_ws/install/learning_qos:/home/lcoit/ros2_projects/dev_ws/install/learning_pkg_python:/home/lcoit/ros2_projects/dev_ws/install/learning_parameter:/home/lcoit/ros2_projects/dev_ws/install/learning_node:/home/lcoit/ros2_projects/dev_ws/install/learning_launch:/home/lcoit/ros2_projects/dev_ws/install/learning_action:/home/lcoit/ros2_projects/dev_ws/install/learning_gazebo:/home/lcoit/ros2_projects/dev_ws/install/learning_cv:/opt/ros/humble /usr/bin/cmake --build /home/lcoit/ros2_projects/fish_bot_ws/src/fishbot_navigation2/build/fishbot_navigation2 -- -j4 -l4
[0.639s] Invoking command in '/home/lcoit/ros2_projects/fish_bot_ws/src/fishbot_navigation2/build/fishbot_navigation2': CMAKE_PREFIX_PATH=${CMAKE_PREFIX_PATH}:/home/lcoit/ros2_projects/ros2_learn_zxz/install/tp_py_demo:/home/lcoit/ros2_projects/ros2_learn_zxz/install/py05_names:/home/lcoit/ros2_projects/ros2_learn_zxz/install/param_py_demo02:/home/lcoit/ros2_projects/ros2_learn_zxz/install/cd_py_demo:/home/lcoit/ros2_projects/ros2_learn_zxz/install/ac_py_demo:/home/lcoit/ros2_projects/dev_ws/install/learning_urdf:/home/lcoit/ros2_projects/dev_ws/install/learning_topic:/home/lcoit/ros2_projects/dev_ws/install/learning_tf:/home/lcoit/ros2_projects/dev_ws/install/learning_service:/home/lcoit/ros2_projects/dev_ws/install/learning_qos:/home/lcoit/ros2_projects/dev_ws/install/learning_pkg_python:/home/lcoit/ros2_projects/dev_ws/install/learning_parameter:/home/lcoit/ros2_projects/dev_ws/install/learning_node:/home/lcoit/ros2_projects/dev_ws/install/learning_launch:/home/lcoit/ros2_projects/dev_ws/install/learning_action:/home/lcoit/ros2_projects/dev_ws/install/learning_gazebo:/home/lcoit/ros2_projects/dev_ws/install/learning_cv:/opt/ros/humble /usr/bin/cmake --install /home/lcoit/ros2_projects/fish_bot_ws/src/fishbot_navigation2/build/fishbot_navigation2
[0.645s] -- Install configuration: ""
[0.645s] -- Installing: /home/lcoit/ros2_projects/fish_bot_ws/src/fishbot_navigation2/install/fishbot_navigation2/share/fishbot_navigation2/launch
[0.645s] -- Installing: /home/lcoit/ros2_projects/fish_bot_ws/src/fishbot_navigation2/install/fishbot_navigation2/share/fishbot_navigation2/launch/navigation2.launch.py
[0.645s] -- Installing: /home/lcoit/ros2_projects/fish_bot_ws/src/fishbot_navigation2/install/fishbot_navigation2/share/fishbot_navigation2/config
[0.645s] -- Installing: /home/lcoit/ros2_projects/fish_bot_ws/src/fishbot_navigation2/install/fishbot_navigation2/share/fishbot_navigation2/config/nav2_params.yaml
[0.645s] -- Installing: /home/lcoit/ros2_projects/fish_bot_ws/src/fishbot_navigation2/install/fishbot_navigation2/share/fishbot_navigation2/maps
[0.645s] -- Installing: /home/lcoit/ros2_projects/fish_bot_ws/src/fishbot_navigation2/install/fishbot_navigation2/share/fishbot_navigation2/maps/room.yaml
[0.645s] -- Installing: /home/lcoit/ros2_projects/fish_bot_ws/src/fishbot_navigation2/install/fishbot_navigation2/share/fishbot_navigation2/maps/room.pgm
[0.645s] -- Installing: /home/lcoit/ros2_projects/fish_bot_ws/src/fishbot_navigation2/install/fishbot_navigation2/share/ament_index/resource_index/package_run_dependencies/fishbot_navigation2
[0.645s] -- Installing: /home/lcoit/ros2_projects/fish_bot_ws/src/fishbot_navigation2/install/fishbot_navigation2/share/ament_index/resource_index/parent_prefix_path/fishbot_navigation2
[0.645s] -- Installing: /home/lcoit/ros2_projects/fish_bot_ws/src/fishbot_navigation2/install/fishbot_navigation2/share/fishbot_navigation2/environment/ament_prefix_path.sh
[0.645s] -- Installing: /home/lcoit/ros2_projects/fish_bot_ws/src/fishbot_navigation2/install/fishbot_navigation2/share/fishbot_navigation2/environment/ament_prefix_path.dsv
[0.645s] -- Installing: /home/lcoit/ros2_projects/fish_bot_ws/src/fishbot_navigation2/install/fishbot_navigation2/share/fishbot_navigation2/environment/path.sh
[0.645s] -- Installing: /home/lcoit/ros2_projects/fish_bot_ws/src/fishbot_navigation2/install/fishbot_navigation2/share/fishbot_navigation2/environment/path.dsv
[0.646s] -- Installing: /home/lcoit/ros2_projects/fish_bot_ws/src/fishbot_navigation2/install/fishbot_navigation2/share/fishbot_navigation2/local_setup.bash
[0.646s] -- Installing: /home/lcoit/ros2_projects/fish_bot_ws/src/fishbot_navigation2/install/fishbot_navigation2/share/fishbot_navigation2/local_setup.sh
[0.646s] -- Installing: /home/lcoit/ros2_projects/fish_bot_ws/src/fishbot_navigation2/install/fishbot_navigation2/share/fishbot_navigation2/local_setup.zsh
[0.646s] -- Installing: /home/lcoit/ros2_projects/fish_bot_ws/src/fishbot_navigation2/install/fishbot_navigation2/share/fishbot_navigation2/local_setup.dsv
[0.646s] -- Installing: /home/lcoit/ros2_projects/fish_bot_ws/src/fishbot_navigation2/install/fishbot_navigation2/share/fishbot_navigation2/package.dsv
[0.646s] -- Installing: /home/lcoit/ros2_projects/fish_bot_ws/src/fishbot_navigation2/install/fishbot_navigation2/share/ament_index/resource_index/packages/fishbot_navigation2
[0.646s] -- Installing: /home/lcoit/ros2_projects/fish_bot_ws/src/fishbot_navigation2/install/fishbot_navigation2/share/fishbot_navigation2/cmake/fishbot_navigation2Config.cmake
[0.646s] -- Installing: /home/lcoit/ros2_projects/fish_bot_ws/src/fishbot_navigation2/install/fishbot_navigation2/share/fishbot_navigation2/cmake/fishbot_navigation2Config-version.cmake
[0.646s] -- Installing: /home/lcoit/ros2_projects/fish_bot_ws/src/fishbot_navigation2/install/fishbot_navigation2/share/fishbot_navigation2/package.xml
[0.647s] Invoked command in '/home/lcoit/ros2_projects/fish_bot_ws/src/fishbot_navigation2/build/fishbot_navigation2' returned '0': CMAKE_PREFIX_PATH=${CMAKE_PREFIX_PATH}:/home/lcoit/ros2_projects/ros2_learn_zxz/install/tp_py_demo:/home/lcoit/ros2_projects/ros2_learn_zxz/install/py05_names:/home/lcoit/ros2_projects/ros2_learn_zxz/install/param_py_demo02:/home/lcoit/ros2_projects/ros2_learn_zxz/install/cd_py_demo:/home/lcoit/ros2_projects/ros2_learn_zxz/install/ac_py_demo:/home/lcoit/ros2_projects/dev_ws/install/learning_urdf:/home/lcoit/ros2_projects/dev_ws/install/learning_topic:/home/lcoit/ros2_projects/dev_ws/install/learning_tf:/home/lcoit/ros2_projects/dev_ws/install/learning_service:/home/lcoit/ros2_projects/dev_ws/install/learning_qos:/home/lcoit/ros2_projects/dev_ws/install/learning_pkg_python:/home/lcoit/ros2_projects/dev_ws/install/learning_parameter:/home/lcoit/ros2_projects/dev_ws/install/learning_node:/home/lcoit/ros2_projects/dev_ws/install/learning_launch:/home/lcoit/ros2_projects/dev_ws/install/learning_action:/home/lcoit/ros2_projects/dev_ws/install/learning_gazebo:/home/lcoit/ros2_projects/dev_ws/install/learning_cv:/opt/ros/humble /usr/bin/cmake --install /home/lcoit/ros2_projects/fish_bot_ws/src/fishbot_navigation2/build/fishbot_navigation2
